[35m[1mScanning dependencies of target _ublox_msgs_generate_messages_check_deps_AidHUI
[0m[  0%] Built target _ublox_msgs_generate_messages_check_deps_AidHUI
[35m[1mScanning dependencies of target std_msgs_generate_messages_py
[0m[  0%] Built target std_msgs_generate_messages_py
[35m[1mScanning dependencies of target sensor_msgs_generate_messages_py
[0m[  0%] Built target sensor_msgs_generate_messages_py
[35m[1mScanning dependencies of target _ublox_msgs_generate_messages_check_deps_NavSBAS
[0m[  0%] Built target _ublox_msgs_generate_messages_check_deps_NavSBAS
[35m[1mScanning dependencies of target _ublox_msgs_generate_messages_check_deps_NavDOP
[0m[  0%] Built target _ublox_msgs_generate_messages_check_deps_NavDOP
[35m[1mScanning dependencies of target _ublox_msgs_generate_messages_check_deps_RxmRAW
[0m[  0%] Built target _ublox_msgs_generate_messages_check_deps_RxmRAW
[35m[1mScanning dependencies of target _ublox_msgs_generate_messages_check_deps_CfgRATE
[0m[  0%] Built target _ublox_msgs_generate_messages_check_deps_CfgRATE
[35m[1mScanning dependencies of target _ublox_msgs_generate_messages_check_deps_NavSVINFO_SV
[0m[  0%] Built target _ublox_msgs_generate_messages_check_deps_NavSVINFO_SV
[35m[1mScanning dependencies of target _ublox_msgs_generate_messages_check_deps_MonVER
[0m[  0%] Built target _ublox_msgs_generate_messages_check_deps_MonVER
[35m[1mScanning dependencies of target _ublox_msgs_generate_messages_check_deps_NavVELNED
[0m[  0%] Built target _ublox_msgs_generate_messages_check_deps_NavVELNED
[35m[1mScanning dependencies of target _ublox_msgs_generate_messages_check_deps_AidEPH
[0m[  0%] Built target _ublox_msgs_generate_messages_check_deps_AidEPH
[35m[1mScanning dependencies of target _ublox_msgs_generate_messages_check_deps_NavSTATUS
[0m[  0%] Built target _ublox_msgs_generate_messages_check_deps_NavSTATUS
[35m[1mScanning dependencies of target _ublox_msgs_generate_messages_check_deps_NavVELECEF
[0m[  0%] Built target _ublox_msgs_generate_messages_check_deps_NavVELECEF
[35m[1mScanning dependencies of target _ublox_msgs_generate_messages_check_deps_RxmSVSI_SV
[0m[  0%] Built target _ublox_msgs_generate_messages_check_deps_RxmSVSI_SV
[35m[1mScanning dependencies of target _ublox_msgs_generate_messages_check_deps_NavCLOCK
[0m[35m[1mScanning dependencies of target _ublox_msgs_generate_messages_check_deps_NavDGPS
[0m[  0%] Built target _ublox_msgs_generate_messages_check_deps_NavCLOCK
[35m[1mScanning dependencies of target _ublox_msgs_generate_messages_check_deps_NavTIMEUTC
[0m[  0%] Built target _ublox_msgs_generate_messages_check_deps_NavDGPS
[35m[1mScanning dependencies of target _ublox_msgs_generate_messages_check_deps_CfgPRT
[0m[  0%] Built target _ublox_msgs_generate_messages_check_deps_NavTIMEUTC
[  0%] Built target _ublox_msgs_generate_messages_check_deps_CfgPRT
[35m[1mScanning dependencies of target _ublox_msgs_generate_messages_check_deps_CfgSBAS
[0m[  0%] Built target _ublox_msgs_generate_messages_check_deps_CfgSBAS
[35m[1mScanning dependencies of target _ublox_msgs_generate_messages_check_deps_RxmRAW_SV
[0m[35m[1mScanning dependencies of target _ublox_msgs_generate_messages_check_deps_NavPOSECEF
[0m[  0%] Built target _ublox_msgs_generate_messages_check_deps_RxmRAW_SV
[  0%] Built target _ublox_msgs_generate_messages_check_deps_NavPOSECEF
[35m[1mScanning dependencies of target _ublox_msgs_generate_messages_check_deps_CfgMSG
[35m[1mScanning dependencies of target _ublox_msgs_generate_messages_check_deps_NavDGPS_SV
[0m[0m[  0%] [  0%] Built target _ublox_msgs_generate_messages_check_deps_CfgMSG
Built target _ublox_msgs_generate_messages_check_deps_NavDGPS_SV
[35m[1mScanning dependencies of target _ublox_msgs_generate_messages_check_deps_CfgCFG
[0m[  0%] Built target _ublox_msgs_generate_messages_check_deps_CfgCFG
[35m[1mScanning dependencies of target _ublox_msgs_generate_messages_check_deps_NavSVINFO
[0m[  0%] Built target _ublox_msgs_generate_messages_check_deps_NavSVINFO
[35m[1mScanning dependencies of target _ublox_msgs_generate_messages_check_deps_NavPOSLLH
[0m[  0%] Built target _ublox_msgs_generate_messages_check_deps_NavPOSLLH
[35m[1mScanning dependencies of target _ublox_msgs_generate_messages_check_deps_RxmSVSI
[0m[  0%] Built target _ublox_msgs_generate_messages_check_deps_RxmSVSI
[35m[1mScanning dependencies of target _ublox_msgs_generate_messages_check_deps_NavSOL
[0m[  0%] Built target _ublox_msgs_generate_messages_check_deps_NavSOL
[35m[1mScanning dependencies of target _ublox_msgs_generate_messages_check_deps_NavTIMEGPS
[0m[  0%] Built target _ublox_msgs_generate_messages_check_deps_NavTIMEGPS
[35m[1mScanning dependencies of target _ublox_msgs_generate_messages_check_deps_CfgNAVX5
[0m[  0%] Built target _ublox_msgs_generate_messages_check_deps_CfgNAVX5
[35m[1mScanning dependencies of target _ublox_msgs_generate_messages_check_deps_RxmEPH
[0m[  0%] Built target _ublox_msgs_generate_messages_check_deps_RxmEPH
[35m[1mScanning dependencies of target _ublox_msgs_generate_messages_check_deps_AidALM
[0m[  0%] Built target _ublox_msgs_generate_messages_check_deps_AidALM
[35m[1mScanning dependencies of target _ublox_msgs_generate_messages_check_deps_RxmALM
[0m[  0%] Built target _ublox_msgs_generate_messages_check_deps_RxmALM
[35m[1mScanning dependencies of target _ublox_msgs_generate_messages_check_deps_CfgNAV5
[0m[  0%] Built target _ublox_msgs_generate_messages_check_deps_CfgNAV5
[35m[1mScanning dependencies of target _ublox_msgs_generate_messages_check_deps_CfgGNSS
[0m[  0%] Built target _ublox_msgs_generate_messages_check_deps_CfgGNSS
[35m[1mScanning dependencies of target _ublox_msgs_generate_messages_check_deps_RxmSFRB
[0m[  0%] Built target _ublox_msgs_generate_messages_check_deps_RxmSFRB
[35m[1mScanning dependencies of target _ublox_msgs_generate_messages_check_deps_NavSBAS_SV
[0m[  0%] Built target _ublox_msgs_generate_messages_check_deps_NavSBAS_SV
[35m[1mScanning dependencies of target _ublox_msgs_generate_messages_check_deps_CfgANT
[0m[  0%] Built target _ublox_msgs_generate_messages_check_deps_CfgANT
[35m[1mScanning dependencies of target geometry_msgs_generate_messages_cpp
[0m[  0%] Built target geometry_msgs_generate_messages_cpp
[35m[1mScanning dependencies of target _catkin_empty_exported_target
[0m[  0%] Built target _catkin_empty_exported_target
[35m[1mScanning dependencies of target rosgraph_msgs_generate_messages_py
[0m[  0%] Built target rosgraph_msgs_generate_messages_py
[35m[1mScanning dependencies of target rosgraph_msgs_generate_messages_lisp
[0m[  0%] Built target rosgraph_msgs_generate_messages_lisp
[35m[1mScanning dependencies of target std_msgs_generate_messages_cpp
[0m[  0%] Built target std_msgs_generate_messages_cpp
[35m[1mScanning dependencies of target std_msgs_generate_messages_lisp
[0m[  0%] Built target std_msgs_generate_messages_lisp
[35m[1mScanning dependencies of target sensor_msgs_generate_messages_cpp
[0m[  0%] Built target sensor_msgs_generate_messages_cpp
[35m[1mScanning dependencies of target roscpp_generate_messages_lisp
[0m[  0%] Built target roscpp_generate_messages_lisp
[35m[1mScanning dependencies of target roscpp_generate_messages_py
[0m[  0%] Built target roscpp_generate_messages_py
[35m[1mScanning dependencies of target geometry_msgs_generate_messages_lisp
[0m[  0%] Built target geometry_msgs_generate_messages_lisp
[35m[1mScanning dependencies of target roscpp_generate_messages_cpp
[0m[  0%] Built target roscpp_generate_messages_cpp
[35m[1mScanning dependencies of target sensor_msgs_generate_messages_lisp
[0m[  0%] Built target sensor_msgs_generate_messages_lisp
[35m[1mScanning dependencies of target geometry_msgs_generate_messages_py
[0m[  0%] Built target geometry_msgs_generate_messages_py
[35m[1mScanning dependencies of target rosgraph_msgs_generate_messages_cpp
[0m[  0%] Built target rosgraph_msgs_generate_messages_cpp
[35m[1mScanning dependencies of target ublox_msgs_generate_messages_cpp
[0m[  1%] [34m[1mGenerating C++ code from ublox_msgs/NavCLOCK.msg
[0m[  2%] [34m[1mGenerating C++ code from ublox_msgs/NavDOP.msg
[0m[  3%] [34m[1mGenerating C++ code from ublox_msgs/NavDGPS.msg
[0m[  4%] [34m[1mGenerating C++ code from ublox_msgs/NavSVINFO_SV.msg
[0m[  5%] [34m[1mGenerating C++ code from ublox_msgs/NavVELECEF.msg
[0m[  6%] [34m[1mGenerating C++ code from ublox_msgs/RxmSVSI_SV.msg
[0m[  6%] [34m[1mGenerating C++ code from ublox_msgs/AidEPH.msg
[0m[  7%] [34m[1mGenerating C++ code from ublox_msgs/NavSTATUS.msg
[0m[  8%] [34m[1mGenerating C++ code from ublox_msgs/RxmRAW.msg
[0m[  9%] [34m[1mGenerating C++ code from ublox_msgs/CfgRATE.msg
[0m[ 10%] [34m[1mGenerating C++ code from ublox_msgs/MonVER.msg
[0m[ 11%] [34m[1mGenerating C++ code from ublox_msgs/NavVELNED.msg
[0m[ 12%] [34m[1mGenerating C++ code from ublox_msgs/CfgNAVX5.msg
[0m[ 13%] [35m[1mScanning dependencies of target ublox_msgs_generate_messages_lisp
[0m[ 14%] [34m[1mGenerating C++ code from ublox_msgs/CfgPRT.msg
[0m[34m[1mGenerating Lisp code from ublox_msgs/NavCLOCK.msg
[0m[ 15%] [34m[1mGenerating Lisp code from ublox_msgs/NavDOP.msg
[0m[ 16%] [34m[1mGenerating C++ code from ublox_msgs/CfgSBAS.msg
[0m[ 17%] [34m[1mGenerating Lisp code from ublox_msgs/NavDGPS.msg
[0m[ 17%] [34m[1mGenerating C++ code from ublox_msgs/RxmRAW_SV.msg
[0m[ 18%] [34m[1mGenerating Lisp code from ublox_msgs/NavSVINFO_SV.msg
[0m[ 19%] [34m[1mGenerating C++ code from ublox_msgs/NavPOSECEF.msg
[0m[ 20%] [ 21%] [34m[1mGenerating Lisp code from ublox_msgs/NavVELECEF.msg
[0m[34m[1mGenerating C++ code from ublox_msgs/CfgMSG.msg
[0m[ 22%] [34m[1mGenerating C++ code from ublox_msgs/NavTIMEUTC.msg
[0m[ 23%] [34m[1mGenerating C++ code from ublox_msgs/NavDGPS_SV.msg
[0m[ 24%] [34m[1mGenerating Lisp code from ublox_msgs/RxmSVSI_SV.msg
[0m[ 25%] [34m[1mGenerating Lisp code from ublox_msgs/AidEPH.msg
[0m[ 26%] [34m[1mGenerating C++ code from ublox_msgs/CfgCFG.msg
[0m[ 27%] [34m[1mGenerating C++ code from ublox_msgs/NavSVINFO.msg
[0m[ 28%] [ 28%] [34m[1mGenerating C++ code from ublox_msgs/NavPOSLLH.msg
[0m[34m[1mGenerating Lisp code from ublox_msgs/NavSTATUS.msg
[0m[ 29%] [34m[1mGenerating C++ code from ublox_msgs/RxmSVSI.msg
[0m[ 30%] [ 31%] [34m[1mGenerating Lisp code from ublox_msgs/RxmRAW.msg
[0m[34m[1mGenerating Lisp code from ublox_msgs/CfgRATE.msg
[0m[ 32%] [34m[1mGenerating C++ code from ublox_msgs/NavSOL.msg
[0m[ 32%] [34m[1mGenerating C++ code from ublox_msgs/NavTIMEGPS.msg
[0m[ 33%] [34m[1mGenerating Lisp code from ublox_msgs/MonVER.msg
[0m[ 34%] [34m[1mGenerating Lisp code from ublox_msgs/NavVELNED.msg
[0m[ 35%] [ 36%] [34m[1mGenerating Lisp code from ublox_msgs/CfgNAVX5.msg
[0m[34m[1mGenerating C++ code from ublox_msgs/RxmEPH.msg
[0m[ 38%] [ 38%] [34m[1mGenerating Lisp code from ublox_msgs/CfgPRT.msg
[0m[ 39%] [34m[1mGenerating C++ code from ublox_msgs/AidALM.msg
[0m[34m[1mGenerating Lisp code from ublox_msgs/CfgSBAS.msg
[0m[ 40%] [34m[1mGenerating C++ code from ublox_msgs/RxmALM.msg
[0m[ 41%] [34m[1mGenerating C++ code from ublox_msgs/RxmSFRB.msg
[0m[ 42%] [ 43%] [34m[1mGenerating C++ code from ublox_msgs/CfgNAV5.msg
[0m[34m[1mGenerating Lisp code from ublox_msgs/RxmRAW_SV.msg
[0m[ 45%] [ 45%] [34m[1mGenerating C++ code from ublox_msgs/CfgANT.msg
[0m[34m[1mGenerating C++ code from ublox_msgs/CfgGNSS.msg
[0m[ 46%] [34m[1mGenerating Lisp code from ublox_msgs/NavPOSECEF.msg
[0m[ 47%] [34m[1mGenerating C++ code from ublox_msgs/NavSBAS_SV.msg
[0m[ 47%] [34m[1mGenerating Lisp code from ublox_msgs/CfgMSG.msg
[0m[ 47%] [34m[1mGenerating C++ code from ublox_msgs/NavSBAS.msg
[0m[ 48%] [ 49%] [34m[1mGenerating Lisp code from ublox_msgs/NavTIMEUTC.msg
[0m[34m[1mGenerating C++ code from ublox_msgs/AidHUI.msg
[0m[ 50%] [34m[1mGenerating Lisp code from ublox_msgs/NavDGPS_SV.msg
[0m[ 51%] [34m[1mGenerating Lisp code from ublox_msgs/CfgCFG.msg
[0m[ 52%] [34m[1mGenerating Lisp code from ublox_msgs/NavSVINFO.msg
[0m[ 53%] [34m[1mGenerating Lisp code from ublox_msgs/NavPOSLLH.msg
[0m[ 54%] [34m[1mGenerating Lisp code from ublox_msgs/RxmSVSI.msg
[0m[ 55%] [34m[1mGenerating Lisp code from ublox_msgs/NavSOL.msg
[0m[ 56%] [34m[1mGenerating Lisp code from ublox_msgs/NavTIMEGPS.msg
[0m[ 56%] Built target ublox_msgs_generate_messages_cpp
[ 56%] [ 57%] [34m[1mGenerating Lisp code from ublox_msgs/RxmEPH.msg
[0m[35m[1mScanning dependencies of target ublox_msgs_generate_messages_py
[0m[34m[1mGenerating Lisp code from ublox_msgs/AidALM.msg
[0m[ 59%] [ 59%] [ 60%] [34m[1mGenerating Lisp code from ublox_msgs/RxmALM.msg
[34m[1mGenerating Lisp code from ublox_msgs/RxmSFRB.msg
[0m[0m[34m[1mGenerating Python from MSG ublox_msgs/NavCLOCK
[0m[ 61%] [34m[1mGenerating Lisp code from ublox_msgs/CfgNAV5.msg
[0m[ 62%] [34m[1mGenerating Python from MSG ublox_msgs/NavDOP
[0m[ 63%] [ 64%] [ 65%] [34m[1mGenerating Lisp code from ublox_msgs/CfgGNSS.msg
[0m[34m[1mGenerating Lisp code from ublox_msgs/CfgANT.msg
[0m[34m[1mGenerating Python from MSG ublox_msgs/NavDGPS
[0m[ 66%] [ 67%] [34m[1mGenerating Lisp code from ublox_msgs/NavSBAS.msg
[34m[1mGenerating Lisp code from ublox_msgs/NavSBAS_SV.msg
[0m[0m[ 68%] [34m[1mGenerating Python from MSG ublox_msgs/NavSVINFO_SV
[0m[ 69%] [ 69%] [34m[1mGenerating Lisp code from ublox_msgs/AidHUI.msg
[0m[34m[1mGenerating Python from MSG ublox_msgs/NavVELECEF
[ 70%] [0m[34m[1mGenerating Python from MSG ublox_msgs/RxmSVSI_SV
[0m[ 71%] [34m[1mGenerating Python from MSG ublox_msgs/AidEPH
[0m[ 72%] [34m[1mGenerating Python from MSG ublox_msgs/NavSTATUS
[0m[ 72%] Built target ublox_msgs_generate_messages_lisp
[ 73%] [34m[1mGenerating Python from MSG ublox_msgs/RxmRAW
[ 73%] [0m[34m[1mGenerating Python from MSG ublox_msgs/CfgRATE
[0m[ 74%] [34m[1mGenerating Python from MSG ublox_msgs/MonVER
[0m[ 75%] [ 76%] [34m[1mGenerating Python from MSG ublox_msgs/NavVELNED
[0m[34m[1mGenerating Python from MSG ublox_msgs/CfgNAVX5
[0m[ 77%] [34m[1mGenerating Python from MSG ublox_msgs/CfgPRT
[0m[ 78%] [34m[1mGenerating Python from MSG ublox_msgs/RxmRAW_SV
[0m[ 79%] [34m[1mGenerating Python from MSG ublox_msgs/CfgSBAS
[0m[ 80%] [ 81%] [34m[1mGenerating Python from MSG ublox_msgs/NavPOSECEF
[34m[1mGenerating Python from MSG ublox_msgs/CfgMSG
[0m[0m[ 82%] [ 82%] [ 83%] [34m[1mGenerating Python from MSG ublox_msgs/CfgCFG
[0m[34m[1mGenerating Python from MSG ublox_msgs/NavTIMEUTC
[0m[34m[1mGenerating Python from MSG ublox_msgs/NavDGPS_SV
[0m[ 84%] [34m[1mGenerating Python from MSG ublox_msgs/NavSVINFO
[0m[ 85%] [ 86%] [ 87%] [34m[1mGenerating Python from MSG ublox_msgs/RxmSVSI
[0m[34m[1mGenerating Python from MSG ublox_msgs/NavPOSLLH
[0m[34m[1mGenerating Python from MSG ublox_msgs/NavSOL
[0m[ 88%] [34m[1mGenerating Python from MSG ublox_msgs/NavTIMEGPS
[0m[ 89%] [34m[1mGenerating Python from MSG ublox_msgs/RxmEPH
[0m[ 89%] [ 90%] [34m[1mGenerating Python from MSG ublox_msgs/AidALM
[0m[34m[1mGenerating Python from MSG ublox_msgs/RxmALM
[0m[ 91%] [34m[1mGenerating Python from MSG ublox_msgs/RxmSFRB
[0m[ 92%] [34m[1mGenerating Python from MSG ublox_msgs/CfgNAV5
[0m[ 93%] [ 94%] [ 95%] [34m[1mGenerating Python from MSG ublox_msgs/CfgANT
[34m[1mGenerating Python from MSG ublox_msgs/CfgGNSS
[0m[0m[34m[1mGenerating Python from MSG ublox_msgs/NavSBAS_SV
[0m[ 96%] [34m[1mGenerating Python from MSG ublox_msgs/NavSBAS
[0m[ 97%] [34m[1mGenerating Python from MSG ublox_msgs/AidHUI
[0m[ 98%] [34m[1mGenerating Python msg __init__.py for ublox_msgs
[0m[ 98%] Built target ublox_msgs_generate_messages_py
[35m[1mScanning dependencies of target ublox_msgs
[35m[1mScanning dependencies of target ublox_msgs_generate_messages
[0m[0m[ 98%] Built target ublox_msgs_generate_messages
[100%] [32mBuilding CXX object CMakeFiles/ublox_msgs.dir/src/ublox_msgs.cpp.o
[0m[31m[1mLinking CXX shared library /home/interamericana/rover_workspace/devel/lib/libublox_msgs.so
[0m[100%] Built target ublox_msgs
